[0.009s] Invoking command in '/home/michaelangelo/miles_morales_turtlebot3_ws/build/turtlebot3_navigation2': CMAKE_PREFIX_PATH=/opt/ros/humble /usr/bin/cmake /home/michaelangelo/miles_morales_turtlebot3_ws/src/turtlebot3/turtlebot3_navigation2 -DAMENT_CMAKE_SYMLINK_INSTALL=1 -DCMAKE_INSTALL_PREFIX=/home/michaelangelo/miles_morales_turtlebot3_ws/install/turtlebot3_navigation2
[0.039s] -- The C compiler identification is GNU 11.4.0
[0.078s] -- The CXX compiler identification is GNU 11.4.0
[0.083s] -- Detecting C compiler ABI info
[0.124s] -- Detecting C compiler ABI info - done
[0.130s] -- Check for working C compiler: /usr/bin/cc - skipped
[0.130s] -- Detecting C compile features
[0.130s] -- Detecting C compile features - done
[0.132s] -- Detecting CXX compiler ABI info
[0.177s] -- Detecting CXX compiler ABI info - done
[0.180s] -- Check for working CXX compiler: /usr/bin/c++ - skipped
[0.180s] -- Detecting CXX compile features
[0.181s] -- Detecting CXX compile features - done
[0.182s] -- Found ament_cmake: 1.3.10 (/opt/ros/humble/share/ament_cmake/cmake)
[0.258s] -- Found Python3: /usr/bin/python3 (found version "3.10.12") found components: Interpreter 
[0.289s] -- Override CMake install command with custom implementation using symlinks instead of copying resources
[0.338s] -- Configuring done
[0.339s] -- Generating done
[0.339s] -- Build files have been written to: /home/michaelangelo/miles_morales_turtlebot3_ws/build/turtlebot3_navigation2
[0.342s] Invoked command in '/home/michaelangelo/miles_morales_turtlebot3_ws/build/turtlebot3_navigation2' returned '0': CMAKE_PREFIX_PATH=/opt/ros/humble /usr/bin/cmake /home/michaelangelo/miles_morales_turtlebot3_ws/src/turtlebot3/turtlebot3_navigation2 -DAMENT_CMAKE_SYMLINK_INSTALL=1 -DCMAKE_INSTALL_PREFIX=/home/michaelangelo/miles_morales_turtlebot3_ws/install/turtlebot3_navigation2
[0.343s] Invoking command in '/home/michaelangelo/miles_morales_turtlebot3_ws/build/turtlebot3_navigation2': CMAKE_PREFIX_PATH=/opt/ros/humble /usr/bin/cmake --build /home/michaelangelo/miles_morales_turtlebot3_ws/build/turtlebot3_navigation2 -- -j24 -l24
[0.364s] Invoked command in '/home/michaelangelo/miles_morales_turtlebot3_ws/build/turtlebot3_navigation2' returned '0': CMAKE_PREFIX_PATH=/opt/ros/humble /usr/bin/cmake --build /home/michaelangelo/miles_morales_turtlebot3_ws/build/turtlebot3_navigation2 -- -j24 -l24
[0.376s] Invoking command in '/home/michaelangelo/miles_morales_turtlebot3_ws/build/turtlebot3_navigation2': CMAKE_PREFIX_PATH=/opt/ros/humble /usr/bin/cmake --install /home/michaelangelo/miles_morales_turtlebot3_ws/build/turtlebot3_navigation2
[0.382s] -- Install configuration: ""
[0.382s] -- Execute custom install script
[0.382s] -- Symlinking: /home/michaelangelo/miles_morales_turtlebot3_ws/install/turtlebot3_navigation2/share/turtlebot3_navigation2/launch/navigation2.launch.py
[0.389s] -- Symlinking: /home/michaelangelo/miles_morales_turtlebot3_ws/install/turtlebot3_navigation2/share/turtlebot3_navigation2/map/map.pgm
[0.395s] -- Symlinking: /home/michaelangelo/miles_morales_turtlebot3_ws/install/turtlebot3_navigation2/share/turtlebot3_navigation2/map/map.yaml
[0.402s] -- Symlinking: /home/michaelangelo/miles_morales_turtlebot3_ws/install/turtlebot3_navigation2/share/turtlebot3_navigation2/param/burger.yaml
[0.406s] -- Symlinking: /home/michaelangelo/miles_morales_turtlebot3_ws/install/turtlebot3_navigation2/share/turtlebot3_navigation2/param/waffle.yaml
[0.412s] -- Symlinking: /home/michaelangelo/miles_morales_turtlebot3_ws/install/turtlebot3_navigation2/share/turtlebot3_navigation2/param/waffle_pi.yaml
[0.418s] -- Symlinking: /home/michaelangelo/miles_morales_turtlebot3_ws/install/turtlebot3_navigation2/share/turtlebot3_navigation2/rviz/tb3_navigation2.rviz
[0.424s] -- Symlinking: /home/michaelangelo/miles_morales_turtlebot3_ws/install/turtlebot3_navigation2/share/ament_index/resource_index/package_run_dependencies/turtlebot3_navigation2
[0.430s] -- Symlinking: /home/michaelangelo/miles_morales_turtlebot3_ws/install/turtlebot3_navigation2/share/ament_index/resource_index/parent_prefix_path/turtlebot3_navigation2
[0.434s] -- Symlinking: /home/michaelangelo/miles_morales_turtlebot3_ws/install/turtlebot3_navigation2/share/turtlebot3_navigation2/environment/ament_prefix_path.sh
[0.439s] -- Symlinking: /home/michaelangelo/miles_morales_turtlebot3_ws/install/turtlebot3_navigation2/share/turtlebot3_navigation2/environment/ament_prefix_path.dsv
[0.443s] -- Symlinking: /home/michaelangelo/miles_morales_turtlebot3_ws/install/turtlebot3_navigation2/share/turtlebot3_navigation2/environment/path.sh
[0.448s] -- Symlinking: /home/michaelangelo/miles_morales_turtlebot3_ws/install/turtlebot3_navigation2/share/turtlebot3_navigation2/environment/path.dsv
[0.453s] -- Symlinking: /home/michaelangelo/miles_morales_turtlebot3_ws/install/turtlebot3_navigation2/share/turtlebot3_navigation2/local_setup.bash
[0.457s] -- Symlinking: /home/michaelangelo/miles_morales_turtlebot3_ws/install/turtlebot3_navigation2/share/turtlebot3_navigation2/local_setup.sh
[0.463s] -- Symlinking: /home/michaelangelo/miles_morales_turtlebot3_ws/install/turtlebot3_navigation2/share/turtlebot3_navigation2/local_setup.zsh
[0.467s] -- Symlinking: /home/michaelangelo/miles_morales_turtlebot3_ws/install/turtlebot3_navigation2/share/turtlebot3_navigation2/local_setup.dsv
[0.471s] -- Symlinking: /home/michaelangelo/miles_morales_turtlebot3_ws/install/turtlebot3_navigation2/share/turtlebot3_navigation2/package.dsv
[0.474s] -- Symlinking: /home/michaelangelo/miles_morales_turtlebot3_ws/install/turtlebot3_navigation2/share/ament_index/resource_index/packages/turtlebot3_navigation2
[0.480s] -- Symlinking: /home/michaelangelo/miles_morales_turtlebot3_ws/install/turtlebot3_navigation2/share/turtlebot3_navigation2/cmake/turtlebot3_navigation2Config.cmake
[0.485s] -- Symlinking: /home/michaelangelo/miles_morales_turtlebot3_ws/install/turtlebot3_navigation2/share/turtlebot3_navigation2/cmake/turtlebot3_navigation2Config-version.cmake
[0.489s] -- Symlinking: /home/michaelangelo/miles_morales_turtlebot3_ws/install/turtlebot3_navigation2/share/turtlebot3_navigation2/package.xml
[0.498s] Invoked command in '/home/michaelangelo/miles_morales_turtlebot3_ws/build/turtlebot3_navigation2' returned '0': CMAKE_PREFIX_PATH=/opt/ros/humble /usr/bin/cmake --install /home/michaelangelo/miles_morales_turtlebot3_ws/build/turtlebot3_navigation2
