[0.286s] Invoking command in '/home/michaelangelo/miles_morales_turtlebot3_ws/build/turtlebot3_teleop': PYTHONPATH=/home/michaelangelo/miles_morales_turtlebot3_ws/build/turtlebot3_teleop/prefix_override:/usr/lib/python3/dist-packages/colcon_core/task/python/colcon_distutils_commands:/home/michaelangelo/miles_morales_turtlebot3_ws/install/turtlebot3_teleop/lib/python3.10/site-packages:${PYTHONPATH} /usr/bin/python3 -W ignore:setup.py install is deprecated setup.py develop --editable --build-directory /home/michaelangelo/miles_morales_turtlebot3_ws/build/turtlebot3_teleop/build --no-deps symlink_data
[0.404s] running develop
[0.404s] /usr/lib/python3/dist-packages/setuptools/command/easy_install.py:158: EasyInstallDeprecationWarning: easy_install command is deprecated. Use build and pip and other standards-based tools.
[0.404s]   warnings.warn(
[0.474s] running egg_info
[0.474s] creating turtlebot3_teleop.egg-info
[0.474s] writing turtlebot3_teleop.egg-info/PKG-INFO
[0.475s] writing dependency_links to turtlebot3_teleop.egg-info/dependency_links.txt
[0.475s] writing entry points to turtlebot3_teleop.egg-info/entry_points.txt
[0.475s] writing requirements to turtlebot3_teleop.egg-info/requires.txt
[0.475s] writing top-level names to turtlebot3_teleop.egg-info/top_level.txt
[0.475s] writing manifest file 'turtlebot3_teleop.egg-info/SOURCES.txt'
[0.476s] reading manifest file 'turtlebot3_teleop.egg-info/SOURCES.txt'
[0.476s] writing manifest file 'turtlebot3_teleop.egg-info/SOURCES.txt'
[0.477s] running build_ext
[0.477s] Creating /home/michaelangelo/miles_morales_turtlebot3_ws/install/turtlebot3_teleop/lib/python3.10/site-packages/turtlebot3-teleop.egg-link (link to .)
[0.477s] Installing teleop_keyboard script to /home/michaelangelo/miles_morales_turtlebot3_ws/install/turtlebot3_teleop/lib/turtlebot3_teleop
[0.477s] 
[0.477s] Installed /home/michaelangelo/miles_morales_turtlebot3_ws/build/turtlebot3_teleop
[0.477s] running symlink_data
[0.477s] creating /home/michaelangelo/miles_morales_turtlebot3_ws/install/turtlebot3_teleop/share/ament_index
[0.477s] creating /home/michaelangelo/miles_morales_turtlebot3_ws/install/turtlebot3_teleop/share/ament_index/resource_index
[0.477s] creating /home/michaelangelo/miles_morales_turtlebot3_ws/install/turtlebot3_teleop/share/ament_index/resource_index/packages
[0.477s] symbolically linking /home/michaelangelo/miles_morales_turtlebot3_ws/build/turtlebot3_teleop/resource/turtlebot3_teleop -> /home/michaelangelo/miles_morales_turtlebot3_ws/install/turtlebot3_teleop/share/ament_index/resource_index/packages
[0.477s] symbolically linking /home/michaelangelo/miles_morales_turtlebot3_ws/build/turtlebot3_teleop/package.xml -> /home/michaelangelo/miles_morales_turtlebot3_ws/install/turtlebot3_teleop/share/turtlebot3_teleop
[0.493s] Invoked command in '/home/michaelangelo/miles_morales_turtlebot3_ws/build/turtlebot3_teleop' returned '0': PYTHONPATH=/home/michaelangelo/miles_morales_turtlebot3_ws/build/turtlebot3_teleop/prefix_override:/usr/lib/python3/dist-packages/colcon_core/task/python/colcon_distutils_commands:/home/michaelangelo/miles_morales_turtlebot3_ws/install/turtlebot3_teleop/lib/python3.10/site-packages:${PYTHONPATH} /usr/bin/python3 -W ignore:setup.py install is deprecated setup.py develop --editable --build-directory /home/michaelangelo/miles_morales_turtlebot3_ws/build/turtlebot3_teleop/build --no-deps symlink_data
