[0.011s] Invoking command in '/home/michaelangelo/miles_morales_turtlebot3_ws/build/turtlebot3_description': CMAKE_PREFIX_PATH=/opt/ros/humble /usr/bin/cmake /home/michaelangelo/miles_morales_turtlebot3_ws/src/turtlebot3/turtlebot3_description -DAMENT_CMAKE_SYMLINK_INSTALL=1 -DCMAKE_INSTALL_PREFIX=/home/michaelangelo/miles_morales_turtlebot3_ws/install/turtlebot3_description
[0.036s] -- The C compiler identification is GNU 11.4.0
[0.065s] -- The CXX compiler identification is GNU 11.4.0
[0.068s] -- Detecting C compiler ABI info
[0.105s] -- Detecting C compiler ABI info - done
[0.109s] -- Check for working C compiler: /usr/bin/cc - skipped
[0.109s] -- Detecting C compile features
[0.109s] -- Detecting C compile features - done
[0.111s] -- Detecting CXX compiler ABI info
[0.150s] -- Detecting CXX compiler ABI info - done
[0.154s] -- Check for working CXX compiler: /usr/bin/c++ - skipped
[0.154s] -- Detecting CXX compile features
[0.154s] -- Detecting CXX compile features - done
[0.155s] -- Found ament_cmake: 1.3.10 (/opt/ros/humble/share/ament_cmake/cmake)
[0.243s] -- Found Python3: /usr/bin/python3 (found version "3.10.12") found components: Interpreter 
[0.273s] -- Override CMake install command with custom implementation using symlinks instead of copying resources
[0.285s] -- Found urdf: 2.6.0 (/opt/ros/humble/share/urdf/cmake)
[0.340s] -- Configuring done
[0.341s] -- Generating done
[0.341s] -- Build files have been written to: /home/michaelangelo/miles_morales_turtlebot3_ws/build/turtlebot3_description
[0.345s] Invoked command in '/home/michaelangelo/miles_morales_turtlebot3_ws/build/turtlebot3_description' returned '0': CMAKE_PREFIX_PATH=/opt/ros/humble /usr/bin/cmake /home/michaelangelo/miles_morales_turtlebot3_ws/src/turtlebot3/turtlebot3_description -DAMENT_CMAKE_SYMLINK_INSTALL=1 -DCMAKE_INSTALL_PREFIX=/home/michaelangelo/miles_morales_turtlebot3_ws/install/turtlebot3_description
[0.346s] Invoking command in '/home/michaelangelo/miles_morales_turtlebot3_ws/build/turtlebot3_description': CMAKE_PREFIX_PATH=/opt/ros/humble /usr/bin/cmake --build /home/michaelangelo/miles_morales_turtlebot3_ws/build/turtlebot3_description -- -j24 -l24
[0.365s] Invoked command in '/home/michaelangelo/miles_morales_turtlebot3_ws/build/turtlebot3_description' returned '0': CMAKE_PREFIX_PATH=/opt/ros/humble /usr/bin/cmake --build /home/michaelangelo/miles_morales_turtlebot3_ws/build/turtlebot3_description -- -j24 -l24
[0.375s] Invoking command in '/home/michaelangelo/miles_morales_turtlebot3_ws/build/turtlebot3_description': CMAKE_PREFIX_PATH=/opt/ros/humble /usr/bin/cmake --install /home/michaelangelo/miles_morales_turtlebot3_ws/build/turtlebot3_description
[0.381s] -- Install configuration: ""
[0.381s] -- Execute custom install script
[0.382s] -- Symlinking: /home/michaelangelo/miles_morales_turtlebot3_ws/install/turtlebot3_description/share/turtlebot3_description/meshes/bases/burger_base.stl
[0.389s] -- Symlinking: /home/michaelangelo/miles_morales_turtlebot3_ws/install/turtlebot3_description/share/turtlebot3_description/meshes/bases/waffle_base.stl
[0.393s] -- Symlinking: /home/michaelangelo/miles_morales_turtlebot3_ws/install/turtlebot3_description/share/turtlebot3_description/meshes/bases/waffle_pi_base.stl
[0.397s] -- Symlinking: /home/michaelangelo/miles_morales_turtlebot3_ws/install/turtlebot3_description/share/turtlebot3_description/meshes/sensors/astra.dae
[0.401s] -- Symlinking: /home/michaelangelo/miles_morales_turtlebot3_ws/install/turtlebot3_description/share/turtlebot3_description/meshes/sensors/astra.jpg
[0.405s] -- Symlinking: /home/michaelangelo/miles_morales_turtlebot3_ws/install/turtlebot3_description/share/turtlebot3_description/meshes/sensors/lds.stl
[0.411s] -- Symlinking: /home/michaelangelo/miles_morales_turtlebot3_ws/install/turtlebot3_description/share/turtlebot3_description/meshes/sensors/r200.dae
[0.416s] -- Symlinking: /home/michaelangelo/miles_morales_turtlebot3_ws/install/turtlebot3_description/share/turtlebot3_description/meshes/sensors/r200.jpg
[0.419s] -- Symlinking: /home/michaelangelo/miles_morales_turtlebot3_ws/install/turtlebot3_description/share/turtlebot3_description/meshes/wheels/left_tire.stl
[0.423s] -- Symlinking: /home/michaelangelo/miles_morales_turtlebot3_ws/install/turtlebot3_description/share/turtlebot3_description/meshes/wheels/right_tire.stl
[0.429s] -- Symlinking: /home/michaelangelo/miles_morales_turtlebot3_ws/install/turtlebot3_description/share/turtlebot3_description/rviz/model.rviz
[0.434s] -- Symlinking: /home/michaelangelo/miles_morales_turtlebot3_ws/install/turtlebot3_description/share/turtlebot3_description/urdf/common_properties.urdf
[0.438s] -- Symlinking: /home/michaelangelo/miles_morales_turtlebot3_ws/install/turtlebot3_description/share/turtlebot3_description/urdf/turtlebot3_burger.urdf
[0.444s] -- Symlinking: /home/michaelangelo/miles_morales_turtlebot3_ws/install/turtlebot3_description/share/turtlebot3_description/urdf/turtlebot3_waffle.urdf
[0.449s] -- Symlinking: /home/michaelangelo/miles_morales_turtlebot3_ws/install/turtlebot3_description/share/turtlebot3_description/urdf/turtlebot3_waffle_pi.urdf
[0.455s] -- Symlinking: /home/michaelangelo/miles_morales_turtlebot3_ws/install/turtlebot3_description/share/ament_index/resource_index/package_run_dependencies/turtlebot3_description
[0.459s] -- Symlinking: /home/michaelangelo/miles_morales_turtlebot3_ws/install/turtlebot3_description/share/ament_index/resource_index/parent_prefix_path/turtlebot3_description
[0.463s] -- Symlinking: /home/michaelangelo/miles_morales_turtlebot3_ws/install/turtlebot3_description/share/turtlebot3_description/environment/ament_prefix_path.sh
[0.467s] -- Symlinking: /home/michaelangelo/miles_morales_turtlebot3_ws/install/turtlebot3_description/share/turtlebot3_description/environment/ament_prefix_path.dsv
[0.472s] -- Symlinking: /home/michaelangelo/miles_morales_turtlebot3_ws/install/turtlebot3_description/share/turtlebot3_description/environment/path.sh
[0.479s] -- Symlinking: /home/michaelangelo/miles_morales_turtlebot3_ws/install/turtlebot3_description/share/turtlebot3_description/environment/path.dsv
[0.485s] -- Symlinking: /home/michaelangelo/miles_morales_turtlebot3_ws/install/turtlebot3_description/share/turtlebot3_description/local_setup.bash
[0.491s] -- Symlinking: /home/michaelangelo/miles_morales_turtlebot3_ws/install/turtlebot3_description/share/turtlebot3_description/local_setup.sh
[0.496s] -- Symlinking: /home/michaelangelo/miles_morales_turtlebot3_ws/install/turtlebot3_description/share/turtlebot3_description/local_setup.zsh
[0.501s] -- Symlinking: /home/michaelangelo/miles_morales_turtlebot3_ws/install/turtlebot3_description/share/turtlebot3_description/local_setup.dsv
[0.505s] -- Symlinking: /home/michaelangelo/miles_morales_turtlebot3_ws/install/turtlebot3_description/share/turtlebot3_description/package.dsv
[0.509s] -- Symlinking: /home/michaelangelo/miles_morales_turtlebot3_ws/install/turtlebot3_description/share/ament_index/resource_index/packages/turtlebot3_description
[0.515s] -- Symlinking: /home/michaelangelo/miles_morales_turtlebot3_ws/install/turtlebot3_description/share/turtlebot3_description/cmake/turtlebot3_descriptionConfig.cmake
[0.520s] -- Symlinking: /home/michaelangelo/miles_morales_turtlebot3_ws/install/turtlebot3_description/share/turtlebot3_description/cmake/turtlebot3_descriptionConfig-version.cmake
[0.526s] -- Symlinking: /home/michaelangelo/miles_morales_turtlebot3_ws/install/turtlebot3_description/share/turtlebot3_description/package.xml
[0.533s] Invoked command in '/home/michaelangelo/miles_morales_turtlebot3_ws/build/turtlebot3_description' returned '0': CMAKE_PREFIX_PATH=/opt/ros/humble /usr/bin/cmake --install /home/michaelangelo/miles_morales_turtlebot3_ws/build/turtlebot3_description
