[0.286s] Invoking command in '/home/michaelangelo/miles_morales_turtlebot3_ws/build/turtlebot3_example': AMENT_PREFIX_PATH=/home/michaelangelo/miles_morales_turtlebot3_ws/install/turtlebot3_msgs:${AMENT_PREFIX_PATH} CMAKE_PREFIX_PATH=/home/michaelangelo/miles_morales_turtlebot3_ws/install/turtlebot3_msgs LD_LIBRARY_PATH=/home/michaelangelo/miles_morales_turtlebot3_ws/install/turtlebot3_msgs/lib:${LD_LIBRARY_PATH} PYTHONPATH=/home/michaelangelo/miles_morales_turtlebot3_ws/build/turtlebot3_example/prefix_override:/usr/lib/python3/dist-packages/colcon_core/task/python/colcon_distutils_commands:/home/michaelangelo/miles_morales_turtlebot3_ws/install/turtlebot3_example/lib/python3.10/site-packages:/home/michaelangelo/miles_morales_turtlebot3_ws/install/turtlebot3_msgs/local/lib/python3.10/dist-packages:${PYTHONPATH} /usr/bin/python3 -W ignore:setup.py install is deprecated setup.py develop --editable --build-directory /home/michaelangelo/miles_morales_turtlebot3_ws/build/turtlebot3_example/build --no-deps symlink_data
[0.400s] running develop
[0.400s] /usr/lib/python3/dist-packages/setuptools/command/easy_install.py:158: EasyInstallDeprecationWarning: easy_install command is deprecated. Use build and pip and other standards-based tools.
[0.400s]   warnings.warn(
[0.468s] running egg_info
[0.469s] creating turtlebot3_example.egg-info
[0.469s] writing turtlebot3_example.egg-info/PKG-INFO
[0.469s] writing dependency_links to turtlebot3_example.egg-info/dependency_links.txt
[0.469s] writing entry points to turtlebot3_example.egg-info/entry_points.txt
[0.469s] writing requirements to turtlebot3_example.egg-info/requires.txt
[0.469s] writing top-level names to turtlebot3_example.egg-info/top_level.txt
[0.469s] writing manifest file 'turtlebot3_example.egg-info/SOURCES.txt'
[0.470s] reading manifest file 'turtlebot3_example.egg-info/SOURCES.txt'
[0.470s] writing manifest file 'turtlebot3_example.egg-info/SOURCES.txt'
[0.471s] running build_ext
[0.471s] Creating /home/michaelangelo/miles_morales_turtlebot3_ws/install/turtlebot3_example/lib/python3.10/site-packages/turtlebot3-example.egg-link (link to .)
[0.471s] Installing turtlebot3_obstacle_detection script to /home/michaelangelo/miles_morales_turtlebot3_ws/install/turtlebot3_example/lib/turtlebot3_example
[0.471s] Installing turtlebot3_patrol_client script to /home/michaelangelo/miles_morales_turtlebot3_ws/install/turtlebot3_example/lib/turtlebot3_example
[0.471s] Installing turtlebot3_patrol_server script to /home/michaelangelo/miles_morales_turtlebot3_ws/install/turtlebot3_example/lib/turtlebot3_example
[0.471s] Installing turtlebot3_position_control script to /home/michaelangelo/miles_morales_turtlebot3_ws/install/turtlebot3_example/lib/turtlebot3_example
[0.471s] 
[0.471s] Installed /home/michaelangelo/miles_morales_turtlebot3_ws/build/turtlebot3_example
[0.471s] running symlink_data
[0.471s] creating /home/michaelangelo/miles_morales_turtlebot3_ws/install/turtlebot3_example/share/ament_index
[0.472s] creating /home/michaelangelo/miles_morales_turtlebot3_ws/install/turtlebot3_example/share/ament_index/resource_index
[0.472s] creating /home/michaelangelo/miles_morales_turtlebot3_ws/install/turtlebot3_example/share/ament_index/resource_index/packages
[0.472s] symbolically linking /home/michaelangelo/miles_morales_turtlebot3_ws/build/turtlebot3_example/resource/turtlebot3_example -> /home/michaelangelo/miles_morales_turtlebot3_ws/install/turtlebot3_example/share/ament_index/resource_index/packages
[0.472s] symbolically linking /home/michaelangelo/miles_morales_turtlebot3_ws/build/turtlebot3_example/package.xml -> /home/michaelangelo/miles_morales_turtlebot3_ws/install/turtlebot3_example/share/turtlebot3_example
[0.484s] Invoked command in '/home/michaelangelo/miles_morales_turtlebot3_ws/build/turtlebot3_example' returned '0': AMENT_PREFIX_PATH=/home/michaelangelo/miles_morales_turtlebot3_ws/install/turtlebot3_msgs:${AMENT_PREFIX_PATH} CMAKE_PREFIX_PATH=/home/michaelangelo/miles_morales_turtlebot3_ws/install/turtlebot3_msgs LD_LIBRARY_PATH=/home/michaelangelo/miles_morales_turtlebot3_ws/install/turtlebot3_msgs/lib:${LD_LIBRARY_PATH} PYTHONPATH=/home/michaelangelo/miles_morales_turtlebot3_ws/build/turtlebot3_example/prefix_override:/usr/lib/python3/dist-packages/colcon_core/task/python/colcon_distutils_commands:/home/michaelangelo/miles_morales_turtlebot3_ws/install/turtlebot3_example/lib/python3.10/site-packages:/home/michaelangelo/miles_morales_turtlebot3_ws/install/turtlebot3_msgs/local/lib/python3.10/dist-packages:${PYTHONPATH} /usr/bin/python3 -W ignore:setup.py install is deprecated setup.py develop --editable --build-directory /home/michaelangelo/miles_morales_turtlebot3_ws/build/turtlebot3_example/build --no-deps symlink_data
