[0.006s] Invoking command in '/home/michaelangelo/miles_morales_turtlebot3_ws/build/turtlebot3_node': AMENT_PREFIX_PATH=/home/michaelangelo/miles_morales_turtlebot3_ws/install/turtlebot3_msgs:/home/michaelangelo/miles_morales_turtlebot3_ws/install/dynamixel_sdk:${AMENT_PREFIX_PATH} CMAKE_PREFIX_PATH=/home/michaelangelo/miles_morales_turtlebot3_ws/install/turtlebot3_msgs:/home/michaelangelo/miles_morales_turtlebot3_ws/install/dynamixel_sdk:/opt/ros/humble LD_LIBRARY_PATH=/home/michaelangelo/miles_morales_turtlebot3_ws/install/turtlebot3_msgs/lib:/home/michaelangelo/miles_morales_turtlebot3_ws/install/dynamixel_sdk/lib:${LD_LIBRARY_PATH} PYTHONPATH=/home/michaelangelo/miles_morales_turtlebot3_ws/install/turtlebot3_msgs/local/lib/python3.10/dist-packages:${PYTHONPATH} /usr/bin/cmake /home/michaelangelo/miles_morales_turtlebot3_ws/src/turtlebot3/turtlebot3_node -DAMENT_CMAKE_SYMLINK_INSTALL=1 -DCMAKE_INSTALL_PREFIX=/home/michaelangelo/miles_morales_turtlebot3_ws/install/turtlebot3_node
[0.037s] -- The C compiler identification is GNU 11.4.0
[0.071s] -- The CXX compiler identification is GNU 11.4.0
[0.075s] -- Detecting C compiler ABI info
[0.114s] -- Detecting C compiler ABI info - done
[0.118s] -- Check for working C compiler: /usr/bin/cc - skipped
[0.118s] -- Detecting C compile features
[0.118s] -- Detecting C compile features - done
[0.120s] -- Detecting CXX compiler ABI info
[0.169s] -- Detecting CXX compiler ABI info - done
[0.172s] -- Check for working CXX compiler: /usr/bin/c++ - skipped
[0.173s] -- Detecting CXX compile features
[0.173s] -- Detecting CXX compile features - done
[0.174s] -- Found ament_cmake: 1.3.10 (/opt/ros/humble/share/ament_cmake/cmake)
[0.265s] -- Found Python3: /usr/bin/python3 (found version "3.10.12") found components: Interpreter 
[0.295s] -- Override CMake install command with custom implementation using symlinks instead of copying resources
[0.307s] -- Found dynamixel_sdk: 3.7.60 (/home/michaelangelo/miles_morales_turtlebot3_ws/install/dynamixel_sdk/share/dynamixel_sdk/cmake)
[0.309s] -- Found geometry_msgs: 4.2.4 (/opt/ros/humble/share/geometry_msgs/cmake)
[0.326s] -- Found rosidl_generator_c: 3.1.5 (/opt/ros/humble/share/rosidl_generator_c/cmake)
[0.328s] -- Found rosidl_adapter: 3.1.5 (/opt/ros/humble/share/rosidl_adapter/cmake)
[0.332s] -- Found rosidl_generator_cpp: 3.1.5 (/opt/ros/humble/share/rosidl_generator_cpp/cmake)
[0.338s] -- Using all available rosidl_typesupport_c: rosidl_typesupport_fastrtps_c;rosidl_typesupport_introspection_c
[0.346s] -- Using all available rosidl_typesupport_cpp: rosidl_typesupport_fastrtps_cpp;rosidl_typesupport_introspection_cpp
[0.364s] -- Found message_filters: 4.3.4 (/opt/ros/humble/share/message_filters/cmake)
[0.383s] -- Found rmw_implementation_cmake: 6.1.2 (/opt/ros/humble/share/rmw_implementation_cmake/cmake)
[0.385s] -- Found rmw_fastrtps_cpp: 6.2.7 (/opt/ros/humble/share/rmw_fastrtps_cpp/cmake)
[0.436s] -- Found OpenSSL: /usr/lib/x86_64-linux-gnu/libcrypto.so (found version "3.0.2")  
[0.457s] -- Found FastRTPS: /opt/ros/humble/include  
[0.477s] -- Using RMW implementation 'rmw_fastrtps_cpp' as default
[0.481s] -- Looking for pthread.h
[0.521s] -- Looking for pthread.h - found
[0.521s] -- Performing Test CMAKE_HAVE_LIBC_PTHREAD
[0.564s] -- Performing Test CMAKE_HAVE_LIBC_PTHREAD - Success
[0.564s] -- Found Threads: TRUE  
[0.583s] -- Found nav_msgs: 4.2.4 (/opt/ros/humble/share/nav_msgs/cmake)
[0.592s] -- Found sensor_msgs: 4.2.4 (/opt/ros/humble/share/sensor_msgs/cmake)
[0.600s] -- Found std_srvs: 4.2.4 (/opt/ros/humble/share/std_srvs/cmake)
[0.605s] -- Found tf2: 0.25.7 (/opt/ros/humble/share/tf2/cmake)
[0.610s] -- Found tf2_ros: 0.25.7 (/opt/ros/humble/share/tf2_ros/cmake)
[0.650s] -- Found turtlebot3_msgs: 2.2.3 (/home/michaelangelo/miles_morales_turtlebot3_ws/install/turtlebot3_msgs/share/turtlebot3_msgs/cmake)
[0.695s] -- Configuring done
[0.703s] -- Generating done
[0.704s] -- Build files have been written to: /home/michaelangelo/miles_morales_turtlebot3_ws/build/turtlebot3_node
[0.712s] Invoked command in '/home/michaelangelo/miles_morales_turtlebot3_ws/build/turtlebot3_node' returned '0': AMENT_PREFIX_PATH=/home/michaelangelo/miles_morales_turtlebot3_ws/install/turtlebot3_msgs:/home/michaelangelo/miles_morales_turtlebot3_ws/install/dynamixel_sdk:${AMENT_PREFIX_PATH} CMAKE_PREFIX_PATH=/home/michaelangelo/miles_morales_turtlebot3_ws/install/turtlebot3_msgs:/home/michaelangelo/miles_morales_turtlebot3_ws/install/dynamixel_sdk:/opt/ros/humble LD_LIBRARY_PATH=/home/michaelangelo/miles_morales_turtlebot3_ws/install/turtlebot3_msgs/lib:/home/michaelangelo/miles_morales_turtlebot3_ws/install/dynamixel_sdk/lib:${LD_LIBRARY_PATH} PYTHONPATH=/home/michaelangelo/miles_morales_turtlebot3_ws/install/turtlebot3_msgs/local/lib/python3.10/dist-packages:${PYTHONPATH} /usr/bin/cmake /home/michaelangelo/miles_morales_turtlebot3_ws/src/turtlebot3/turtlebot3_node -DAMENT_CMAKE_SYMLINK_INSTALL=1 -DCMAKE_INSTALL_PREFIX=/home/michaelangelo/miles_morales_turtlebot3_ws/install/turtlebot3_node
[0.712s] Invoking command in '/home/michaelangelo/miles_morales_turtlebot3_ws/build/turtlebot3_node': AMENT_PREFIX_PATH=/home/michaelangelo/miles_morales_turtlebot3_ws/install/turtlebot3_msgs:/home/michaelangelo/miles_morales_turtlebot3_ws/install/dynamixel_sdk:${AMENT_PREFIX_PATH} CMAKE_PREFIX_PATH=/home/michaelangelo/miles_morales_turtlebot3_ws/install/turtlebot3_msgs:/home/michaelangelo/miles_morales_turtlebot3_ws/install/dynamixel_sdk:/opt/ros/humble LD_LIBRARY_PATH=/home/michaelangelo/miles_morales_turtlebot3_ws/install/turtlebot3_msgs/lib:/home/michaelangelo/miles_morales_turtlebot3_ws/install/dynamixel_sdk/lib:${LD_LIBRARY_PATH} PYTHONPATH=/home/michaelangelo/miles_morales_turtlebot3_ws/install/turtlebot3_msgs/local/lib/python3.10/dist-packages:${PYTHONPATH} /usr/bin/cmake --build /home/michaelangelo/miles_morales_turtlebot3_ws/build/turtlebot3_node -- -j24 -l24
[0.742s] [  7%] [32mBuilding CXX object CMakeFiles/turtlebot3_node_lib.dir/src/dynamixel_sdk_wrapper.cpp.o[0m
[0.742s] [ 21%] [32mBuilding CXX object CMakeFiles/turtlebot3_node_lib.dir/src/diff_drive_controller.cpp.o[0m
[0.743s] [ 21%] [32mBuilding CXX object CMakeFiles/turtlebot3_node_lib.dir/src/odometry.cpp.o[0m
[0.743s] [ 28%] [32mBuilding CXX object CMakeFiles/turtlebot3_node_lib.dir/src/turtlebot3.cpp.o[0m
[0.743s] [ 35%] [32mBuilding CXX object CMakeFiles/turtlebot3_node_lib.dir/src/sensors/joint_state.cpp.o[0m
[0.743s] [ 42%] [32mBuilding CXX object CMakeFiles/turtlebot3_node_lib.dir/src/sensors/sensor_state.cpp.o[0m
[0.743s] [ 50%] [32mBuilding CXX object CMakeFiles/turtlebot3_node_lib.dir/src/devices/motor_power.cpp.o[0m
[0.743s] [ 57%] [32mBuilding CXX object CMakeFiles/turtlebot3_node_lib.dir/src/devices/sound.cpp.o[0m
[0.744s] [ 64%] [32mBuilding CXX object CMakeFiles/turtlebot3_node_lib.dir/src/devices/reset.cpp.o[0m
[0.745s] [ 71%] [32mBuilding CXX object CMakeFiles/turtlebot3_node_lib.dir/src/sensors/battery_state.cpp.o[0m
[0.745s] [ 78%] [32mBuilding CXX object CMakeFiles/turtlebot3_node_lib.dir/src/sensors/imu.cpp.o[0m
[7.557s] [ 85%] [32m[1mLinking CXX static library libturtlebot3_node_lib.a[0m
[7.780s] [ 85%] Built target turtlebot3_node_lib
[7.792s] [ 92%] [32mBuilding CXX object CMakeFiles/turtlebot3_ros.dir/src/node_main.cpp.o[0m
[9.286s] [100%] [32m[1mLinking CXX executable turtlebot3_ros[0m
[10.081s] [100%] Built target turtlebot3_ros
[10.088s] Invoked command in '/home/michaelangelo/miles_morales_turtlebot3_ws/build/turtlebot3_node' returned '0': AMENT_PREFIX_PATH=/home/michaelangelo/miles_morales_turtlebot3_ws/install/turtlebot3_msgs:/home/michaelangelo/miles_morales_turtlebot3_ws/install/dynamixel_sdk:${AMENT_PREFIX_PATH} CMAKE_PREFIX_PATH=/home/michaelangelo/miles_morales_turtlebot3_ws/install/turtlebot3_msgs:/home/michaelangelo/miles_morales_turtlebot3_ws/install/dynamixel_sdk:/opt/ros/humble LD_LIBRARY_PATH=/home/michaelangelo/miles_morales_turtlebot3_ws/install/turtlebot3_msgs/lib:/home/michaelangelo/miles_morales_turtlebot3_ws/install/dynamixel_sdk/lib:${LD_LIBRARY_PATH} PYTHONPATH=/home/michaelangelo/miles_morales_turtlebot3_ws/install/turtlebot3_msgs/local/lib/python3.10/dist-packages:${PYTHONPATH} /usr/bin/cmake --build /home/michaelangelo/miles_morales_turtlebot3_ws/build/turtlebot3_node -- -j24 -l24
[10.132s] Invoking command in '/home/michaelangelo/miles_morales_turtlebot3_ws/build/turtlebot3_node': AMENT_PREFIX_PATH=/home/michaelangelo/miles_morales_turtlebot3_ws/install/turtlebot3_msgs:/home/michaelangelo/miles_morales_turtlebot3_ws/install/dynamixel_sdk:${AMENT_PREFIX_PATH} CMAKE_PREFIX_PATH=/home/michaelangelo/miles_morales_turtlebot3_ws/install/turtlebot3_msgs:/home/michaelangelo/miles_morales_turtlebot3_ws/install/dynamixel_sdk:/opt/ros/humble LD_LIBRARY_PATH=/home/michaelangelo/miles_morales_turtlebot3_ws/install/turtlebot3_msgs/lib:/home/michaelangelo/miles_morales_turtlebot3_ws/install/dynamixel_sdk/lib:${LD_LIBRARY_PATH} PYTHONPATH=/home/michaelangelo/miles_morales_turtlebot3_ws/install/turtlebot3_msgs/local/lib/python3.10/dist-packages:${PYTHONPATH} /usr/bin/cmake --install /home/michaelangelo/miles_morales_turtlebot3_ws/build/turtlebot3_node
[10.135s] -- Install configuration: ""
[10.135s] -- Execute custom install script
[10.135s] -- Symlinking: /home/michaelangelo/miles_morales_turtlebot3_ws/install/turtlebot3_node/share/turtlebot3_node/param/burger.yaml
[10.140s] -- Symlinking: /home/michaelangelo/miles_morales_turtlebot3_ws/install/turtlebot3_node/share/turtlebot3_node/param/waffle.yaml
[10.147s] -- Symlinking: /home/michaelangelo/miles_morales_turtlebot3_ws/install/turtlebot3_node/share/turtlebot3_node/param/waffle_pi.yaml
[10.161s] -- Symlinking: /home/michaelangelo/miles_morales_turtlebot3_ws/install/turtlebot3_node/lib/turtlebot3_node/turtlebot3_ros
[10.173s] -- Symlinking: /home/michaelangelo/miles_morales_turtlebot3_ws/install/turtlebot3_node/share/ament_index/resource_index/package_run_dependencies/turtlebot3_node
[10.183s] -- Symlinking: /home/michaelangelo/miles_morales_turtlebot3_ws/install/turtlebot3_node/share/ament_index/resource_index/parent_prefix_path/turtlebot3_node
[10.193s] -- Symlinking: /home/michaelangelo/miles_morales_turtlebot3_ws/install/turtlebot3_node/share/turtlebot3_node/environment/ament_prefix_path.sh
[10.203s] -- Symlinking: /home/michaelangelo/miles_morales_turtlebot3_ws/install/turtlebot3_node/share/turtlebot3_node/environment/ament_prefix_path.dsv
[10.215s] -- Symlinking: /home/michaelangelo/miles_morales_turtlebot3_ws/install/turtlebot3_node/share/turtlebot3_node/environment/path.sh
[10.228s] -- Symlinking: /home/michaelangelo/miles_morales_turtlebot3_ws/install/turtlebot3_node/share/turtlebot3_node/environment/path.dsv
[10.240s] -- Symlinking: /home/michaelangelo/miles_morales_turtlebot3_ws/install/turtlebot3_node/share/turtlebot3_node/local_setup.bash
[10.250s] -- Symlinking: /home/michaelangelo/miles_morales_turtlebot3_ws/install/turtlebot3_node/share/turtlebot3_node/local_setup.sh
[10.261s] -- Symlinking: /home/michaelangelo/miles_morales_turtlebot3_ws/install/turtlebot3_node/share/turtlebot3_node/local_setup.zsh
[10.271s] -- Symlinking: /home/michaelangelo/miles_morales_turtlebot3_ws/install/turtlebot3_node/share/turtlebot3_node/local_setup.dsv
[10.282s] -- Symlinking: /home/michaelangelo/miles_morales_turtlebot3_ws/install/turtlebot3_node/share/turtlebot3_node/package.dsv
[10.293s] -- Symlinking: /home/michaelangelo/miles_morales_turtlebot3_ws/install/turtlebot3_node/share/ament_index/resource_index/packages/turtlebot3_node
[10.306s] -- Symlinking: /home/michaelangelo/miles_morales_turtlebot3_ws/install/turtlebot3_node/share/turtlebot3_node/cmake/ament_cmake_export_include_directories-extras.cmake
[10.317s] -- Symlinking: /home/michaelangelo/miles_morales_turtlebot3_ws/install/turtlebot3_node/share/turtlebot3_node/cmake/turtlebot3_nodeConfig.cmake
[10.330s] -- Symlinking: /home/michaelangelo/miles_morales_turtlebot3_ws/install/turtlebot3_node/share/turtlebot3_node/cmake/turtlebot3_nodeConfig-version.cmake
[10.335s] -- Symlinking: /home/michaelangelo/miles_morales_turtlebot3_ws/install/turtlebot3_node/share/turtlebot3_node/package.xml
[10.342s] Invoked command in '/home/michaelangelo/miles_morales_turtlebot3_ws/build/turtlebot3_node' returned '0': AMENT_PREFIX_PATH=/home/michaelangelo/miles_morales_turtlebot3_ws/install/turtlebot3_msgs:/home/michaelangelo/miles_morales_turtlebot3_ws/install/dynamixel_sdk:${AMENT_PREFIX_PATH} CMAKE_PREFIX_PATH=/home/michaelangelo/miles_morales_turtlebot3_ws/install/turtlebot3_msgs:/home/michaelangelo/miles_morales_turtlebot3_ws/install/dynamixel_sdk:/opt/ros/humble LD_LIBRARY_PATH=/home/michaelangelo/miles_morales_turtlebot3_ws/install/turtlebot3_msgs/lib:/home/michaelangelo/miles_morales_turtlebot3_ws/install/dynamixel_sdk/lib:${LD_LIBRARY_PATH} PYTHONPATH=/home/michaelangelo/miles_morales_turtlebot3_ws/install/turtlebot3_msgs/local/lib/python3.10/dist-packages:${PYTHONPATH} /usr/bin/cmake --install /home/michaelangelo/miles_morales_turtlebot3_ws/build/turtlebot3_node
