[0.014s] Invoking command in '/home/michaelangelo/miles_morales_turtlebot3_ws/build/turtlebot3_bringup': AMENT_PREFIX_PATH=/home/michaelangelo/miles_morales_turtlebot3_ws/install/turtlebot3_node:/home/michaelangelo/miles_morales_turtlebot3_ws/install/turtlebot3_msgs:/home/michaelangelo/miles_morales_turtlebot3_ws/install/turtlebot3_description:/home/michaelangelo/miles_morales_turtlebot3_ws/install/dynamixel_sdk:${AMENT_PREFIX_PATH} CMAKE_PREFIX_PATH=/home/michaelangelo/miles_morales_turtlebot3_ws/install/turtlebot3_node:/home/michaelangelo/miles_morales_turtlebot3_ws/install/turtlebot3_msgs:/home/michaelangelo/miles_morales_turtlebot3_ws/install/turtlebot3_description:/home/michaelangelo/miles_morales_turtlebot3_ws/install/dynamixel_sdk:/opt/ros/humble LD_LIBRARY_PATH=/home/michaelangelo/miles_morales_turtlebot3_ws/install/turtlebot3_msgs/lib:/home/michaelangelo/miles_morales_turtlebot3_ws/install/dynamixel_sdk/lib:${LD_LIBRARY_PATH} PYTHONPATH=/home/michaelangelo/miles_morales_turtlebot3_ws/install/turtlebot3_msgs/local/lib/python3.10/dist-packages:${PYTHONPATH} /usr/bin/cmake /home/michaelangelo/miles_morales_turtlebot3_ws/src/turtlebot3/turtlebot3_bringup -DAMENT_CMAKE_SYMLINK_INSTALL=1 -DCMAKE_INSTALL_PREFIX=/home/michaelangelo/miles_morales_turtlebot3_ws/install/turtlebot3_bringup
[0.085s] -- The C compiler identification is GNU 11.4.0
[0.123s] -- The CXX compiler identification is GNU 11.4.0
[0.127s] -- Detecting C compiler ABI info
[0.208s] -- Detecting C compiler ABI info - done
[0.216s] -- Check for working C compiler: /usr/bin/cc - skipped
[0.217s] -- Detecting C compile features
[0.218s] -- Detecting C compile features - done
[0.222s] -- Detecting CXX compiler ABI info
[0.319s] -- Detecting CXX compiler ABI info - done
[0.326s] -- Check for working CXX compiler: /usr/bin/c++ - skipped
[0.327s] -- Detecting CXX compile features
[0.327s] -- Detecting CXX compile features - done
[0.328s] -- Found ament_cmake: 1.3.10 (/opt/ros/humble/share/ament_cmake/cmake)
[0.447s] -- Found Python3: /usr/bin/python3 (found version "3.10.12") found components: Interpreter 
[0.484s] -- Override CMake install command with custom implementation using symlinks instead of copying resources
[0.543s] -- Configuring done
[0.544s] -- Generating done
[0.544s] -- Build files have been written to: /home/michaelangelo/miles_morales_turtlebot3_ws/build/turtlebot3_bringup
[0.547s] Invoked command in '/home/michaelangelo/miles_morales_turtlebot3_ws/build/turtlebot3_bringup' returned '0': AMENT_PREFIX_PATH=/home/michaelangelo/miles_morales_turtlebot3_ws/install/turtlebot3_node:/home/michaelangelo/miles_morales_turtlebot3_ws/install/turtlebot3_msgs:/home/michaelangelo/miles_morales_turtlebot3_ws/install/turtlebot3_description:/home/michaelangelo/miles_morales_turtlebot3_ws/install/dynamixel_sdk:${AMENT_PREFIX_PATH} CMAKE_PREFIX_PATH=/home/michaelangelo/miles_morales_turtlebot3_ws/install/turtlebot3_node:/home/michaelangelo/miles_morales_turtlebot3_ws/install/turtlebot3_msgs:/home/michaelangelo/miles_morales_turtlebot3_ws/install/turtlebot3_description:/home/michaelangelo/miles_morales_turtlebot3_ws/install/dynamixel_sdk:/opt/ros/humble LD_LIBRARY_PATH=/home/michaelangelo/miles_morales_turtlebot3_ws/install/turtlebot3_msgs/lib:/home/michaelangelo/miles_morales_turtlebot3_ws/install/dynamixel_sdk/lib:${LD_LIBRARY_PATH} PYTHONPATH=/home/michaelangelo/miles_morales_turtlebot3_ws/install/turtlebot3_msgs/local/lib/python3.10/dist-packages:${PYTHONPATH} /usr/bin/cmake /home/michaelangelo/miles_morales_turtlebot3_ws/src/turtlebot3/turtlebot3_bringup -DAMENT_CMAKE_SYMLINK_INSTALL=1 -DCMAKE_INSTALL_PREFIX=/home/michaelangelo/miles_morales_turtlebot3_ws/install/turtlebot3_bringup
[0.548s] Invoking command in '/home/michaelangelo/miles_morales_turtlebot3_ws/build/turtlebot3_bringup': AMENT_PREFIX_PATH=/home/michaelangelo/miles_morales_turtlebot3_ws/install/turtlebot3_node:/home/michaelangelo/miles_morales_turtlebot3_ws/install/turtlebot3_msgs:/home/michaelangelo/miles_morales_turtlebot3_ws/install/turtlebot3_description:/home/michaelangelo/miles_morales_turtlebot3_ws/install/dynamixel_sdk:${AMENT_PREFIX_PATH} CMAKE_PREFIX_PATH=/home/michaelangelo/miles_morales_turtlebot3_ws/install/turtlebot3_node:/home/michaelangelo/miles_morales_turtlebot3_ws/install/turtlebot3_msgs:/home/michaelangelo/miles_morales_turtlebot3_ws/install/turtlebot3_description:/home/michaelangelo/miles_morales_turtlebot3_ws/install/dynamixel_sdk:/opt/ros/humble LD_LIBRARY_PATH=/home/michaelangelo/miles_morales_turtlebot3_ws/install/turtlebot3_msgs/lib:/home/michaelangelo/miles_morales_turtlebot3_ws/install/dynamixel_sdk/lib:${LD_LIBRARY_PATH} PYTHONPATH=/home/michaelangelo/miles_morales_turtlebot3_ws/install/turtlebot3_msgs/local/lib/python3.10/dist-packages:${PYTHONPATH} /usr/bin/cmake --build /home/michaelangelo/miles_morales_turtlebot3_ws/build/turtlebot3_bringup -- -j24 -l24
[0.573s] Invoked command in '/home/michaelangelo/miles_morales_turtlebot3_ws/build/turtlebot3_bringup' returned '0': AMENT_PREFIX_PATH=/home/michaelangelo/miles_morales_turtlebot3_ws/install/turtlebot3_node:/home/michaelangelo/miles_morales_turtlebot3_ws/install/turtlebot3_msgs:/home/michaelangelo/miles_morales_turtlebot3_ws/install/turtlebot3_description:/home/michaelangelo/miles_morales_turtlebot3_ws/install/dynamixel_sdk:${AMENT_PREFIX_PATH} CMAKE_PREFIX_PATH=/home/michaelangelo/miles_morales_turtlebot3_ws/install/turtlebot3_node:/home/michaelangelo/miles_morales_turtlebot3_ws/install/turtlebot3_msgs:/home/michaelangelo/miles_morales_turtlebot3_ws/install/turtlebot3_description:/home/michaelangelo/miles_morales_turtlebot3_ws/install/dynamixel_sdk:/opt/ros/humble LD_LIBRARY_PATH=/home/michaelangelo/miles_morales_turtlebot3_ws/install/turtlebot3_msgs/lib:/home/michaelangelo/miles_morales_turtlebot3_ws/install/dynamixel_sdk/lib:${LD_LIBRARY_PATH} PYTHONPATH=/home/michaelangelo/miles_morales_turtlebot3_ws/install/turtlebot3_msgs/local/lib/python3.10/dist-packages:${PYTHONPATH} /usr/bin/cmake --build /home/michaelangelo/miles_morales_turtlebot3_ws/build/turtlebot3_bringup -- -j24 -l24
[0.598s] Invoking command in '/home/michaelangelo/miles_morales_turtlebot3_ws/build/turtlebot3_bringup': AMENT_PREFIX_PATH=/home/michaelangelo/miles_morales_turtlebot3_ws/install/turtlebot3_node:/home/michaelangelo/miles_morales_turtlebot3_ws/install/turtlebot3_msgs:/home/michaelangelo/miles_morales_turtlebot3_ws/install/turtlebot3_description:/home/michaelangelo/miles_morales_turtlebot3_ws/install/dynamixel_sdk:${AMENT_PREFIX_PATH} CMAKE_PREFIX_PATH=/home/michaelangelo/miles_morales_turtlebot3_ws/install/turtlebot3_node:/home/michaelangelo/miles_morales_turtlebot3_ws/install/turtlebot3_msgs:/home/michaelangelo/miles_morales_turtlebot3_ws/install/turtlebot3_description:/home/michaelangelo/miles_morales_turtlebot3_ws/install/dynamixel_sdk:/opt/ros/humble LD_LIBRARY_PATH=/home/michaelangelo/miles_morales_turtlebot3_ws/install/turtlebot3_msgs/lib:/home/michaelangelo/miles_morales_turtlebot3_ws/install/dynamixel_sdk/lib:${LD_LIBRARY_PATH} PYTHONPATH=/home/michaelangelo/miles_morales_turtlebot3_ws/install/turtlebot3_msgs/local/lib/python3.10/dist-packages:${PYTHONPATH} /usr/bin/cmake --install /home/michaelangelo/miles_morales_turtlebot3_ws/build/turtlebot3_bringup
[0.610s] -- Install configuration: ""
[0.611s] -- Execute custom install script
[0.612s] -- Symlinking: /home/michaelangelo/miles_morales_turtlebot3_ws/install/turtlebot3_bringup/share/turtlebot3_bringup/launch/robot.launch.py
[0.624s] -- Symlinking: /home/michaelangelo/miles_morales_turtlebot3_ws/install/turtlebot3_bringup/share/turtlebot3_bringup/launch/rviz2.launch.py
[0.637s] -- Symlinking: /home/michaelangelo/miles_morales_turtlebot3_ws/install/turtlebot3_bringup/share/turtlebot3_bringup/launch/turtlebot3_state_publisher.launch.py
[0.649s] -- Symlinking: /home/michaelangelo/miles_morales_turtlebot3_ws/install/turtlebot3_bringup/share/turtlebot3_bringup/param/burger.yaml
[0.661s] -- Symlinking: /home/michaelangelo/miles_morales_turtlebot3_ws/install/turtlebot3_bringup/share/turtlebot3_bringup/param/waffle.yaml
[0.673s] -- Symlinking: /home/michaelangelo/miles_morales_turtlebot3_ws/install/turtlebot3_bringup/share/turtlebot3_bringup/param/waffle_pi.yaml
[0.685s] -- Symlinking: /home/michaelangelo/miles_morales_turtlebot3_ws/install/turtlebot3_bringup/share/turtlebot3_bringup/script/99-turtlebot3-cdc.rules
[0.696s] -- Symlinking: /home/michaelangelo/miles_morales_turtlebot3_ws/install/turtlebot3_bringup/share/turtlebot3_bringup/script/create_udev_rules
[0.705s] -- Symlinking: /home/michaelangelo/miles_morales_turtlebot3_ws/install/turtlebot3_bringup/share/ament_index/resource_index/package_run_dependencies/turtlebot3_bringup
[0.716s] -- Symlinking: /home/michaelangelo/miles_morales_turtlebot3_ws/install/turtlebot3_bringup/share/ament_index/resource_index/parent_prefix_path/turtlebot3_bringup
[0.729s] -- Symlinking: /home/michaelangelo/miles_morales_turtlebot3_ws/install/turtlebot3_bringup/share/turtlebot3_bringup/environment/ament_prefix_path.sh
[0.741s] -- Symlinking: /home/michaelangelo/miles_morales_turtlebot3_ws/install/turtlebot3_bringup/share/turtlebot3_bringup/environment/ament_prefix_path.dsv
[0.753s] -- Symlinking: /home/michaelangelo/miles_morales_turtlebot3_ws/install/turtlebot3_bringup/share/turtlebot3_bringup/environment/path.sh
[0.765s] -- Symlinking: /home/michaelangelo/miles_morales_turtlebot3_ws/install/turtlebot3_bringup/share/turtlebot3_bringup/environment/path.dsv
[0.778s] -- Symlinking: /home/michaelangelo/miles_morales_turtlebot3_ws/install/turtlebot3_bringup/share/turtlebot3_bringup/local_setup.bash
[0.789s] -- Symlinking: /home/michaelangelo/miles_morales_turtlebot3_ws/install/turtlebot3_bringup/share/turtlebot3_bringup/local_setup.sh
[0.801s] -- Symlinking: /home/michaelangelo/miles_morales_turtlebot3_ws/install/turtlebot3_bringup/share/turtlebot3_bringup/local_setup.zsh
[0.808s] -- Symlinking: /home/michaelangelo/miles_morales_turtlebot3_ws/install/turtlebot3_bringup/share/turtlebot3_bringup/local_setup.dsv
[0.819s] -- Symlinking: /home/michaelangelo/miles_morales_turtlebot3_ws/install/turtlebot3_bringup/share/turtlebot3_bringup/package.dsv
[0.829s] -- Symlinking: /home/michaelangelo/miles_morales_turtlebot3_ws/install/turtlebot3_bringup/share/ament_index/resource_index/packages/turtlebot3_bringup
[0.837s] -- Symlinking: /home/michaelangelo/miles_morales_turtlebot3_ws/install/turtlebot3_bringup/share/turtlebot3_bringup/cmake/turtlebot3_bringupConfig.cmake
[0.848s] -- Symlinking: /home/michaelangelo/miles_morales_turtlebot3_ws/install/turtlebot3_bringup/share/turtlebot3_bringup/cmake/turtlebot3_bringupConfig-version.cmake
[0.854s] -- Symlinking: /home/michaelangelo/miles_morales_turtlebot3_ws/install/turtlebot3_bringup/share/turtlebot3_bringup/package.xml
[0.859s] Invoked command in '/home/michaelangelo/miles_morales_turtlebot3_ws/build/turtlebot3_bringup' returned '0': AMENT_PREFIX_PATH=/home/michaelangelo/miles_morales_turtlebot3_ws/install/turtlebot3_node:/home/michaelangelo/miles_morales_turtlebot3_ws/install/turtlebot3_msgs:/home/michaelangelo/miles_morales_turtlebot3_ws/install/turtlebot3_description:/home/michaelangelo/miles_morales_turtlebot3_ws/install/dynamixel_sdk:${AMENT_PREFIX_PATH} CMAKE_PREFIX_PATH=/home/michaelangelo/miles_morales_turtlebot3_ws/install/turtlebot3_node:/home/michaelangelo/miles_morales_turtlebot3_ws/install/turtlebot3_msgs:/home/michaelangelo/miles_morales_turtlebot3_ws/install/turtlebot3_description:/home/michaelangelo/miles_morales_turtlebot3_ws/install/dynamixel_sdk:/opt/ros/humble LD_LIBRARY_PATH=/home/michaelangelo/miles_morales_turtlebot3_ws/install/turtlebot3_msgs/lib:/home/michaelangelo/miles_morales_turtlebot3_ws/install/dynamixel_sdk/lib:${LD_LIBRARY_PATH} PYTHONPATH=/home/michaelangelo/miles_morales_turtlebot3_ws/install/turtlebot3_msgs/local/lib/python3.10/dist-packages:${PYTHONPATH} /usr/bin/cmake --install /home/michaelangelo/miles_morales_turtlebot3_ws/build/turtlebot3_bringup
